12:18:40.242 [TestNG-tests-1] INFO  testCases.TC_AccountRegistration_001 - ******Clicked My Account******
12:18:40.762 [TestNG-tests-3] INFO  testCases.TC_LoginTest_002 - ******Clicked Login******
12:18:40.764 [TestNG-tests-3] INFO  testCases.TC_LoginTest_002 - ******providing customer email******
12:18:40.815 [TestNG-tests-2] ERROR testCases.TC_AccountRegistration_001 - Test failed
12:18:40.818 [TestNG-tests-2] DEBUG testCases.TC_AccountRegistration_001 - Debug logs
12:18:50.951 [TestNG-tests-1] ERROR testCases.TC_AccountRegistration_001 - Test failed
12:18:50.951 [TestNG-tests-1] DEBUG testCases.TC_AccountRegistration_001 - Debug logs
13:57:57.277 [main] INFO  testCases.TC_AccountRegistration_001 - ******Starting test case******
13:57:57.481 [main] INFO  testCases.TC_AccountRegistration_001 - ******Clicked My Account******
13:57:58.400 [main] INFO  testCases.TC_AccountRegistration_001 - ******Clicked Register******
13:57:58.411 [main] INFO  testCases.TC_AccountRegistration_001 - ******providing customer details******
13:58:00.713 [main] INFO  testCases.TC_AccountRegistration_001 - ******validating expected message******
13:58:00.790 [main] INFO  testCases.TC_AccountRegistration_001 - ***Account registration successful***
13:58:07.092 [main] INFO  testCases.TC_LoginTest_002 - *****Starting Login Test*****
13:58:07.534 [main] INFO  testCases.TC_LoginTest_002 - ******Clicked My Account******
13:58:08.194 [main] INFO  testCases.TC_LoginTest_002 - ******Clicked Login******
13:58:08.199 [main] INFO  testCases.TC_LoginTest_002 - ******providing customer email******
13:58:10.203 [main] INFO  testCases.TC_LoginTest_002 - ******Finished login test******
13:58:51.924 [main] INFO  testCases.TC_AccountRegistration_001 - ******Starting test case******
13:58:52.196 [main] INFO  testCases.TC_AccountRegistration_001 - ******Clicked My Account******
13:58:53.266 [main] INFO  testCases.TC_AccountRegistration_001 - ******Clicked Register******
13:58:53.270 [main] INFO  testCases.TC_AccountRegistration_001 - ******providing customer details******
