16:42:20.521 [main] ERROR testCases.TC_AccountRegistration_001 - Test failed
16:42:20.530 [main] DEBUG testCases.TC_AccountRegistration_001 - Debug logs
16:42:28.987 [main] INFO  testCases.TC_LoginTest_002 - *****Starting Login Test*****
16:42:29.270 [main] INFO  testCases.TC_LoginTest_002 - ******Clicked My Account******
16:42:29.870 [main] INFO  testCases.TC_LoginTest_002 - ******Clicked Login******
16:42:29.872 [main] INFO  testCases.TC_LoginTest_002 - ******providing customer email******
16:42:31.669 [main] INFO  testCases.TC_LoginTest_002 - ******Finished login test******
16:43:43.364 [main] INFO  testCases.TC_AccountRegistration_001 - ******Starting test case******
16:43:43.673 [main] INFO  testCases.TC_AccountRegistration_001 - ******Clicked My Account******
16:43:44.652 [main] INFO  testCases.TC_AccountRegistration_001 - ******Clicked Register******
16:43:44.655 [main] INFO  testCases.TC_AccountRegistration_001 - ******providing customer details******
16:43:47.811 [main] INFO  testCases.TC_AccountRegistration_001 - ******validating expected message******
16:43:47.896 [main] ERROR testCases.TC_AccountRegistration_001 - Test failed
16:43:47.897 [main] DEBUG testCases.TC_AccountRegistration_001 - Debug logs
16:43:57.480 [main] INFO  testCases.TC_LoginTest_002 - *****Starting Login Test*****
16:43:57.962 [main] INFO  testCases.TC_LoginTest_002 - ******Clicked My Account******
16:43:58.612 [main] INFO  testCases.TC_LoginTest_002 - ******Clicked Login******
16:43:58.619 [main] INFO  testCases.TC_LoginTest_002 - ******providing customer email******
16:45:16.361 [main] INFO  testCases.TC_AccountRegistration_001 - ******Starting test case******
16:45:16.695 [main] INFO  testCases.TC_AccountRegistration_001 - ******Clicked My Account******
16:45:17.857 [main] INFO  testCases.TC_AccountRegistration_001 - ******Clicked Register******
16:45:17.861 [main] INFO  testCases.TC_AccountRegistration_001 - ******providing customer details******
16:45:20.513 [main] INFO  testCases.TC_AccountRegistration_001 - ******validating expected message******
